C:\Users\ManhCuong\Documents\GitHub\TypeScript-ES6\typescripts\training2\training2\app.js
C:\Users\ManhCuong\Documents\GitHub\TypeScript-ES6\typescripts\training2\training2\app.js.map
C:\Users\ManhCuong\Documents\GitHub\TypeScript-ES6\typescripts\training2\training2\Class.js
C:\Users\ManhCuong\Documents\GitHub\TypeScript-ES6\typescripts\training2\training2\Class.js.map
C:\Users\ManhCuong\Documents\GitHub\TypeScript-ES6\typescripts\training2\training2\Compatibility.js
C:\Users\ManhCuong\Documents\GitHub\TypeScript-ES6\typescripts\training2\training2\Compatibility.js.map
C:\Users\ManhCuong\Documents\GitHub\TypeScript-ES6\typescripts\training2\training2\contextualTyping.js
C:\Users\ManhCuong\Documents\GitHub\TypeScript-ES6\typescripts\training2\training2\contextualTyping.js.map
C:\Users\ManhCuong\Documents\GitHub\TypeScript-ES6\typescripts\training2\training2\function.js
C:\Users\ManhCuong\Documents\GitHub\TypeScript-ES6\typescripts\training2\training2\function.js.map
C:\Users\ManhCuong\Documents\GitHub\TypeScript-ES6\typescripts\training2\training2\Generics.js
C:\Users\ManhCuong\Documents\GitHub\TypeScript-ES6\typescripts\training2\training2\Generics.js.map
C:\Users\ManhCuong\Documents\GitHub\TypeScript-ES6\typescripts\training2\training2\Interface.js
C:\Users\ManhCuong\Documents\GitHub\TypeScript-ES6\typescripts\training2\training2\Interface.js.map
C:\Users\ManhCuong\Documents\GitHub\TypeScript-ES6\typescripts\training2\training2\let.js
C:\Users\ManhCuong\Documents\GitHub\TypeScript-ES6\typescripts\training2\training2\let.js.map
C:\Users\ManhCuong\Documents\GitHub\TypeScript-ES6\typescripts\training2\training2\Scripts\TypeScript\02-01-grammar.js
C:\Users\ManhCuong\Documents\GitHub\TypeScript-ES6\typescripts\training2\training2\Scripts\TypeScript\02-01-grammar.js.map
C:\Users\ManhCuong\Documents\GitHub\TypeScript-ES6\typescripts\training2\training2\Scripts\TypeScript\02-02-objects.js
C:\Users\ManhCuong\Documents\GitHub\TypeScript-ES6\typescripts\training2\training2\Scripts\TypeScript\02-02-objects.js.map
C:\Users\ManhCuong\Documents\GitHub\TypeScript-ES6\typescripts\training2\training2\Scripts\TypeScript\02-03-function.js
C:\Users\ManhCuong\Documents\GitHub\TypeScript-ES6\typescripts\training2\training2\Scripts\TypeScript\02-03-function.js.map
C:\Users\ManhCuong\Documents\GitHub\TypeScript-ES6\typescripts\training2\training2\Scripts\TypeScript\02-04-interfaces.js
C:\Users\ManhCuong\Documents\GitHub\TypeScript-ES6\typescripts\training2\training2\Scripts\TypeScript\02-04-interfaces.js.map
C:\Users\ManhCuong\Documents\GitHub\TypeScript-ES6\typescripts\training2\training2\Scripts\TypeScript\02-05-class-car.js
C:\Users\ManhCuong\Documents\GitHub\TypeScript-ES6\typescripts\training2\training2\Scripts\TypeScript\02-05-class-car.js.map
C:\Users\ManhCuong\Documents\GitHub\TypeScript-ES6\typescripts\training2\training2\Scripts\TypeScript\02-06-class-auto.js
C:\Users\ManhCuong\Documents\GitHub\TypeScript-ES6\typescripts\training2\training2\Scripts\TypeScript\02-06-class-auto.js.map
C:\Users\ManhCuong\Documents\GitHub\TypeScript-ES6\typescripts\training2\training2\Scripts\TypeScript\02-07-class-calculator.js
C:\Users\ManhCuong\Documents\GitHub\TypeScript-ES6\typescripts\training2\training2\Scripts\TypeScript\02-07-class-calculator.js.map
C:\Users\ManhCuong\Documents\GitHub\TypeScript-ES6\typescripts\training2\training2\Scripts\TypeScript\Type_Module\04-01-global-module.js
C:\Users\ManhCuong\Documents\GitHub\TypeScript-ES6\typescripts\training2\training2\Scripts\TypeScript\Type_Module\04-01-global-module.js.map
C:\Users\ManhCuong\Documents\GitHub\TypeScript-ES6\typescripts\training2\training2\Scripts\TypeScript\Type_Module\04-02-internal.js
C:\Users\ManhCuong\Documents\GitHub\TypeScript-ES6\typescripts\training2\training2\Scripts\TypeScript\Type_Module\04-02-internal.js.map
C:\Users\ManhCuong\Documents\GitHub\TypeScript-ES6\typescripts\training2\training2\app.js
C:\Users\ManhCuong\Documents\GitHub\TypeScript-ES6\typescripts\training2\training2\app.js.map
C:\Users\ManhCuong\Documents\GitHub\TypeScript-ES6\typescripts\training2\training2\Class.js
C:\Users\ManhCuong\Documents\GitHub\TypeScript-ES6\typescripts\training2\training2\Class.js.map
C:\Users\ManhCuong\Documents\GitHub\TypeScript-ES6\typescripts\training2\training2\Compatibility.js
C:\Users\ManhCuong\Documents\GitHub\TypeScript-ES6\typescripts\training2\training2\Compatibility.js.map
C:\Users\ManhCuong\Documents\GitHub\TypeScript-ES6\typescripts\training2\training2\contextualTyping.js
C:\Users\ManhCuong\Documents\GitHub\TypeScript-ES6\typescripts\training2\training2\contextualTyping.js.map
C:\Users\ManhCuong\Documents\GitHub\TypeScript-ES6\typescripts\training2\training2\function.js
C:\Users\ManhCuong\Documents\GitHub\TypeScript-ES6\typescripts\training2\training2\function.js.map
C:\Users\ManhCuong\Documents\GitHub\TypeScript-ES6\typescripts\training2\training2\Generics.js
C:\Users\ManhCuong\Documents\GitHub\TypeScript-ES6\typescripts\training2\training2\Generics.js.map
C:\Users\ManhCuong\Documents\GitHub\TypeScript-ES6\typescripts\training2\training2\Interface.js
C:\Users\ManhCuong\Documents\GitHub\TypeScript-ES6\typescripts\training2\training2\Interface.js.map
C:\Users\ManhCuong\Documents\GitHub\TypeScript-ES6\typescripts\training2\training2\let.js
C:\Users\ManhCuong\Documents\GitHub\TypeScript-ES6\typescripts\training2\training2\let.js.map
C:\Users\ManhCuong\Documents\GitHub\TypeScript-ES6\typescripts\training2\training2\Scripts\TypeScript\02-01-grammar.js
C:\Users\ManhCuong\Documents\GitHub\TypeScript-ES6\typescripts\training2\training2\Scripts\TypeScript\02-01-grammar.js.map
C:\Users\ManhCuong\Documents\GitHub\TypeScript-ES6\typescripts\training2\training2\Scripts\TypeScript\02-02-objects.js
C:\Users\ManhCuong\Documents\GitHub\TypeScript-ES6\typescripts\training2\training2\Scripts\TypeScript\02-02-objects.js.map
C:\Users\ManhCuong\Documents\GitHub\TypeScript-ES6\typescripts\training2\training2\Scripts\TypeScript\02-03-function.js
C:\Users\ManhCuong\Documents\GitHub\TypeScript-ES6\typescripts\training2\training2\Scripts\TypeScript\02-03-function.js.map
C:\Users\ManhCuong\Documents\GitHub\TypeScript-ES6\typescripts\training2\training2\Scripts\TypeScript\02-04-interfaces.js
C:\Users\ManhCuong\Documents\GitHub\TypeScript-ES6\typescripts\training2\training2\Scripts\TypeScript\02-04-interfaces.js.map
C:\Users\ManhCuong\Documents\GitHub\TypeScript-ES6\typescripts\training2\training2\Scripts\TypeScript\02-05-class-car.js
C:\Users\ManhCuong\Documents\GitHub\TypeScript-ES6\typescripts\training2\training2\Scripts\TypeScript\02-05-class-car.js.map
C:\Users\ManhCuong\Documents\GitHub\TypeScript-ES6\typescripts\training2\training2\Scripts\TypeScript\02-06-class-auto.js
C:\Users\ManhCuong\Documents\GitHub\TypeScript-ES6\typescripts\training2\training2\Scripts\TypeScript\02-06-class-auto.js.map
C:\Users\ManhCuong\Documents\GitHub\TypeScript-ES6\typescripts\training2\training2\Scripts\TypeScript\02-07-class-calculator.js
C:\Users\ManhCuong\Documents\GitHub\TypeScript-ES6\typescripts\training2\training2\Scripts\TypeScript\02-07-class-calculator.js.map
C:\Users\ManhCuong\Documents\GitHub\TypeScript-ES6\typescripts\training2\training2\Scripts\TypeScript\Type_Module\04-01-global-module.js
C:\Users\ManhCuong\Documents\GitHub\TypeScript-ES6\typescripts\training2\training2\Scripts\TypeScript\Type_Module\04-01-global-module.js.map
C:\Users\ManhCuong\Documents\GitHub\TypeScript-ES6\typescripts\training2\training2\Scripts\TypeScript\Type_Module\04-02-internal.js
C:\Users\ManhCuong\Documents\GitHub\TypeScript-ES6\typescripts\training2\training2\Scripts\TypeScript\Type_Module\04-02-internal.js.map
C:\Users\ManhCuong\Documents\GitHub\TypeScript-ES6\typescripts\training2\training2\app.js
C:\Users\ManhCuong\Documents\GitHub\TypeScript-ES6\typescripts\training2\training2\app.js.map
C:\Users\ManhCuong\Documents\GitHub\TypeScript-ES6\typescripts\training2\training2\Class.js
C:\Users\ManhCuong\Documents\GitHub\TypeScript-ES6\typescripts\training2\training2\Class.js.map
C:\Users\ManhCuong\Documents\GitHub\TypeScript-ES6\typescripts\training2\training2\Compatibility.js
C:\Users\ManhCuong\Documents\GitHub\TypeScript-ES6\typescripts\training2\training2\Compatibility.js.map
C:\Users\ManhCuong\Documents\GitHub\TypeScript-ES6\typescripts\training2\training2\contextualTyping.js
C:\Users\ManhCuong\Documents\GitHub\TypeScript-ES6\typescripts\training2\training2\contextualTyping.js.map
C:\Users\ManhCuong\Documents\GitHub\TypeScript-ES6\typescripts\training2\training2\function.js
C:\Users\ManhCuong\Documents\GitHub\TypeScript-ES6\typescripts\training2\training2\function.js.map
C:\Users\ManhCuong\Documents\GitHub\TypeScript-ES6\typescripts\training2\training2\Generics.js
C:\Users\ManhCuong\Documents\GitHub\TypeScript-ES6\typescripts\training2\training2\Generics.js.map
C:\Users\ManhCuong\Documents\GitHub\TypeScript-ES6\typescripts\training2\training2\Interface.js
C:\Users\ManhCuong\Documents\GitHub\TypeScript-ES6\typescripts\training2\training2\Interface.js.map
C:\Users\ManhCuong\Documents\GitHub\TypeScript-ES6\typescripts\training2\training2\let.js
C:\Users\ManhCuong\Documents\GitHub\TypeScript-ES6\typescripts\training2\training2\let.js.map
C:\Users\ManhCuong\Documents\GitHub\TypeScript-ES6\typescripts\training2\training2\Scripts\TypeScript\02-01-grammar.js
C:\Users\ManhCuong\Documents\GitHub\TypeScript-ES6\typescripts\training2\training2\Scripts\TypeScript\02-01-grammar.js.map
C:\Users\ManhCuong\Documents\GitHub\TypeScript-ES6\typescripts\training2\training2\Scripts\TypeScript\02-02-objects.js
C:\Users\ManhCuong\Documents\GitHub\TypeScript-ES6\typescripts\training2\training2\Scripts\TypeScript\02-02-objects.js.map
C:\Users\ManhCuong\Documents\GitHub\TypeScript-ES6\typescripts\training2\training2\Scripts\TypeScript\02-03-function.js
C:\Users\ManhCuong\Documents\GitHub\TypeScript-ES6\typescripts\training2\training2\Scripts\TypeScript\02-03-function.js.map
C:\Users\ManhCuong\Documents\GitHub\TypeScript-ES6\typescripts\training2\training2\Scripts\TypeScript\02-04-interfaces.js
C:\Users\ManhCuong\Documents\GitHub\TypeScript-ES6\typescripts\training2\training2\Scripts\TypeScript\02-04-interfaces.js.map
C:\Users\ManhCuong\Documents\GitHub\TypeScript-ES6\typescripts\training2\training2\Scripts\TypeScript\02-05-class-car.js
C:\Users\ManhCuong\Documents\GitHub\TypeScript-ES6\typescripts\training2\training2\Scripts\TypeScript\02-05-class-car.js.map
C:\Users\ManhCuong\Documents\GitHub\TypeScript-ES6\typescripts\training2\training2\Scripts\TypeScript\02-06-class-auto.js
C:\Users\ManhCuong\Documents\GitHub\TypeScript-ES6\typescripts\training2\training2\Scripts\TypeScript\02-06-class-auto.js.map
C:\Users\ManhCuong\Documents\GitHub\TypeScript-ES6\typescripts\training2\training2\Scripts\TypeScript\02-07-class-calculator.js
C:\Users\ManhCuong\Documents\GitHub\TypeScript-ES6\typescripts\training2\training2\Scripts\TypeScript\02-07-class-calculator.js.map
C:\Users\ManhCuong\Documents\GitHub\TypeScript-ES6\typescripts\training2\training2\Scripts\TypeScript\bigProject.js
C:\Users\ManhCuong\Documents\GitHub\TypeScript-ES6\typescripts\training2\training2\Scripts\TypeScript\bigProject.js.map
C:\Users\ManhCuong\Documents\GitHub\TypeScript-ES6\typescripts\training2\training2\Scripts\TypeScript\Type_Module\04-01-global-module.js
C:\Users\ManhCuong\Documents\GitHub\TypeScript-ES6\typescripts\training2\training2\Scripts\TypeScript\Type_Module\04-01-global-module.js.map
C:\Users\ManhCuong\Documents\GitHub\TypeScript-ES6\typescripts\training2\training2\Scripts\TypeScript\Type_Module\04-02-internal.js
C:\Users\ManhCuong\Documents\GitHub\TypeScript-ES6\typescripts\training2\training2\Scripts\TypeScript\Type_Module\04-02-internal.js.map
C:\Users\ManhCuong\Documents\GitHub\TypeScript-ES6\typescripts\training2\training2\app.js
C:\Users\ManhCuong\Documents\GitHub\TypeScript-ES6\typescripts\training2\training2\app.js.map
C:\Users\ManhCuong\Documents\GitHub\TypeScript-ES6\typescripts\training2\training2\Class.js
C:\Users\ManhCuong\Documents\GitHub\TypeScript-ES6\typescripts\training2\training2\Class.js.map
C:\Users\ManhCuong\Documents\GitHub\TypeScript-ES6\typescripts\training2\training2\Compatibility.js
C:\Users\ManhCuong\Documents\GitHub\TypeScript-ES6\typescripts\training2\training2\Compatibility.js.map
C:\Users\ManhCuong\Documents\GitHub\TypeScript-ES6\typescripts\training2\training2\contextualTyping.js
C:\Users\ManhCuong\Documents\GitHub\TypeScript-ES6\typescripts\training2\training2\contextualTyping.js.map
C:\Users\ManhCuong\Documents\GitHub\TypeScript-ES6\typescripts\training2\training2\function.js
C:\Users\ManhCuong\Documents\GitHub\TypeScript-ES6\typescripts\training2\training2\function.js.map
C:\Users\ManhCuong\Documents\GitHub\TypeScript-ES6\typescripts\training2\training2\Generics.js
C:\Users\ManhCuong\Documents\GitHub\TypeScript-ES6\typescripts\training2\training2\Generics.js.map
C:\Users\ManhCuong\Documents\GitHub\TypeScript-ES6\typescripts\training2\training2\Interface.js
C:\Users\ManhCuong\Documents\GitHub\TypeScript-ES6\typescripts\training2\training2\Interface.js.map
C:\Users\ManhCuong\Documents\GitHub\TypeScript-ES6\typescripts\training2\training2\let.js
C:\Users\ManhCuong\Documents\GitHub\TypeScript-ES6\typescripts\training2\training2\let.js.map
C:\Users\ManhCuong\Documents\GitHub\TypeScript-ES6\typescripts\training2\training2\Scripts\TypeScript\02-01-grammar.js
C:\Users\ManhCuong\Documents\GitHub\TypeScript-ES6\typescripts\training2\training2\Scripts\TypeScript\02-01-grammar.js.map
C:\Users\ManhCuong\Documents\GitHub\TypeScript-ES6\typescripts\training2\training2\Scripts\TypeScript\02-02-objects.js
C:\Users\ManhCuong\Documents\GitHub\TypeScript-ES6\typescripts\training2\training2\Scripts\TypeScript\02-02-objects.js.map
C:\Users\ManhCuong\Documents\GitHub\TypeScript-ES6\typescripts\training2\training2\Scripts\TypeScript\02-03-function.js
C:\Users\ManhCuong\Documents\GitHub\TypeScript-ES6\typescripts\training2\training2\Scripts\TypeScript\02-03-function.js.map
C:\Users\ManhCuong\Documents\GitHub\TypeScript-ES6\typescripts\training2\training2\Scripts\TypeScript\02-04-interfaces.js
C:\Users\ManhCuong\Documents\GitHub\TypeScript-ES6\typescripts\training2\training2\Scripts\TypeScript\02-04-interfaces.js.map
C:\Users\ManhCuong\Documents\GitHub\TypeScript-ES6\typescripts\training2\training2\Scripts\TypeScript\02-05-class-car.js
C:\Users\ManhCuong\Documents\GitHub\TypeScript-ES6\typescripts\training2\training2\Scripts\TypeScript\02-05-class-car.js.map
C:\Users\ManhCuong\Documents\GitHub\TypeScript-ES6\typescripts\training2\training2\Scripts\TypeScript\02-06-class-auto.js
C:\Users\ManhCuong\Documents\GitHub\TypeScript-ES6\typescripts\training2\training2\Scripts\TypeScript\02-06-class-auto.js.map
C:\Users\ManhCuong\Documents\GitHub\TypeScript-ES6\typescripts\training2\training2\Scripts\TypeScript\02-07-class-calculator.js
C:\Users\ManhCuong\Documents\GitHub\TypeScript-ES6\typescripts\training2\training2\Scripts\TypeScript\02-07-class-calculator.js.map
C:\Users\ManhCuong\Documents\GitHub\TypeScript-ES6\typescripts\training2\training2\Scripts\TypeScript\bigProject.js
C:\Users\ManhCuong\Documents\GitHub\TypeScript-ES6\typescripts\training2\training2\Scripts\TypeScript\bigProject.js.map
C:\Users\ManhCuong\Documents\GitHub\TypeScript-ES6\typescripts\training2\training2\Scripts\TypeScript\Type_Module\04-01-global-module.js
C:\Users\ManhCuong\Documents\GitHub\TypeScript-ES6\typescripts\training2\training2\Scripts\TypeScript\Type_Module\04-01-global-module.js.map
C:\Users\ManhCuong\Documents\GitHub\TypeScript-ES6\typescripts\training2\training2\Scripts\TypeScript\Type_Module\04-02-internal.js
C:\Users\ManhCuong\Documents\GitHub\TypeScript-ES6\typescripts\training2\training2\Scripts\TypeScript\Type_Module\04-02-internal.js.map
